* using log directory 'W:/40_tools/Ecospat R Package/obroenni/ecospat/ecospat.Rcheck'
* using R version 3.5.0 (2018-04-23)
* using platform: x86_64-w64-mingw32 (64-bit)
* using session charset: ISO8859-1
* using option '--as-cran'
* checking for file 'ecospat/DESCRIPTION' ... OK
* this is package 'ecospat' version '2.2.1'
* checking CRAN incoming feasibility ... NOTE
Maintainer: 'Olivier Broennimann <olivier.broennimann@unil.ch>'

New submission

Package was archived on CRAN

CRAN repository db overrides:
  X-CRAN-Comment: Archived on 2018-05-03 as check problems were not
    corrected despite reminders.

Package has a VignetteBuilder field but no prebuilt vignette index.

The build time stamp is missing.
* checking package namespace information ... OK
* checking package dependencies ... OK
* checking if this is a source package ... OK
* checking if there is a namespace ... OK
* checking for executable files ... OK
* checking for hidden files and directories ... OK
* checking for portable file names ... OK
* checking serialization versions ... OK
* checking whether package 'ecospat' can be installed ... WARNING
Found the following significant warnings:
  Warning: retour de ligne à l'intérieur d'une chaîne de caractères entre guillemets à ecospat.CCV.modeling.Rd:30
  Warning: W:/40_tools/Ecospat R Package/obroenni/ecospat/ecospat/man/ecospat.CCV.modeling.Rd:45: unknown macro '\item'
  Warning: W:/40_tools/Ecospat R Package/obroenni/ecospat/ecospat/man/ecospat.CCV.modeling.Rd:46: unknown macro '\item'
  Warning: W:/40_tools/Ecospat R Package/obroenni/ecospat/ecospat/man/ecospat.CCV.modeling.Rd:47: unknown macro '\item'
  Warning: W:/40_tools/Ecospat R Package/obroenni/ecospat/ecospat/man/ecospat.CCV.modeling.Rd:48: unknown macro '\item'
  Warning: W:/40_tools/Ecospat R Package/obroenni/ecospat/ecospat/man/ecospat.CCV.modeling.Rd:49: unknown macro '\item'
  Warning: W:/40_tools/Ecospat R Package/obroenni/ecospat/ecospat/man/ecospat.CCV.modeling.Rd:50: unknown macro '\item'
  Warning: W:/40_tools/Ecospat R Package/obroenni/ecospat/ecospat/man/ecospat.CCV.modeling.Rd:51: unknown macro '\item'
See 'W:/40_tools/Ecospat R Package/obroenni/ecospat/ecospat.Rcheck/00install.out' for details.
* checking installed package size ... NOTE
  installed size is 31.3Mb
  sub-directories of 1Mb or more:
    Meta      8.0Mb
    R         3.0Mb
    data      4.0Mb
    doc       3.0Mb
    extdata   2.0Mb
    help      4.3Mb
    html      2.0Mb
* checking package directory ... OK
* checking DESCRIPTION meta-information ... NOTE
Author field differs from that derived from Authors@R
  Author:    'Olivier Broennimann [cre, aut], Valeria Di Cola [cre, aut], Blaise Petitpierre [ctb], Frank Breiner [ctb], Manuela D`Amen [ctb], Christophe Randin [ctb], Robin Engler [ctb], Wim Hordijk [ctb], Julien Pottier [ctb], Mirko Di Febbraro [ctb], Loic Pellissier [ctb], Dorothea Pio [ctb], Ruben Garcia Mateo [ctb], Anne Dubuis [ctb], Daniel Scherrer [ctb], Luigi Maiorano [ctb], Achilleas Psomas [ctb], Charlotte Ndiribe [ctb], Nicolas Salamin [ctb], Niklaus Zimmermann [ctb], Antoine Guisan [aut]'
  Authors@R: 'Olivier Broennimann [aut], Valeria Di Cola [cre, aut], Blaise Petitpierre [ctb], Frank Breiner [ctb], Manuela D`Amen [ctb], Christophe Randin [ctb], Robin Engler [ctb], Wim Hordijk [ctb], Julien Pottier [ctb], Mirko Di Febbraro [ctb], Loic Pellissier [ctb], Dorothea Pio [ctb], Ruben Garcia Mateo [ctb], Anne Dubuis [ctb], Daniel Scherrer [ctb], Luigi Maiorano [ctb], Achilleas Psomas [ctb], Charlotte Ndiribe [ctb], Nicolas Salamin [ctb], Niklaus Zimmermann [ctb], Antoine Guisan [aut]'

Maintainer field differs from that derived from Authors@R
  Maintainer: 'Olivier Broennimann <olivier.broennimann@unil.ch>'
  Authors@R:  'Valeria Di Cola <valeriadicola@gmail.com>'

Checking should be performed on sources prepared by 'R CMD build'.
* checking top-level files ... OK
* checking for left-over files ... OK
* checking index information ... OK
* checking package subdirectories ... OK
* checking R files for non-ASCII characters ... OK
* checking R files for syntax errors ... OK
* checking whether the package can be loaded ... OK
* checking whether the package can be loaded with stated dependencies ... OK
* checking whether the package can be unloaded cleanly ... OK
* checking whether the namespace can be loaded with stated dependencies ... OK
* checking whether the namespace can be unloaded cleanly ... OK
* checking loading without being on the library search path ... OK
* checking use of S3 registration ... OK
* checking dependencies in R code ... OK
* checking S3 generic/method consistency ... OK
* checking replacement functions ... OK
* checking foreign function calls ... OK
* checking R code for possible problems ... NOTE
ecospat.CCV.communityEvaluation.bin: no visible binding for global
  variable 'community.metrics.cali.selected'
ecospat.CCV.communityEvaluation.bin: no visible binding for global
  variable 'community.metrics.eval.selected'
ecospat.CCV.communityEvaluation.prob: no visible binding for global
  variable 'poibin'
ecospat.CCV.communityEvaluation.prob: no visible binding for global
  variable 'PresenceAbsence'
ecospat.CCV.modeling: no visible binding for global variable 'output'
ecospat.niche.dynIndexProjGeo: no visible global function definition
  for 'extent<-'
Undefined global functions or variables:
  PresenceAbsence community.metrics.cali.selected
  community.metrics.eval.selected extent<- output poibin
* checking Rd files ... WARNING
prepare_Rd: retour de ligne à l'intérieur d'une chaîne de caractères entre guillemets à ecospat.CCV.modeling.Rd:30
prepare_Rd: ecospat.CCV.modeling.Rd:45: unknown macro '\item'
prepare_Rd: ecospat.CCV.modeling.Rd:46: unknown macro '\item'
prepare_Rd: ecospat.CCV.modeling.Rd:47: unknown macro '\item'
prepare_Rd: ecospat.CCV.modeling.Rd:48: unknown macro '\item'
prepare_Rd: ecospat.CCV.modeling.Rd:49: unknown macro '\item'
prepare_Rd: ecospat.CCV.modeling.Rd:50: unknown macro '\item'
prepare_Rd: ecospat.CCV.modeling.Rd:51: unknown macro '\item'
checkRd: (7) ecospat.CCV.modeling.Rd:30-44: Tag \code is invalid in a \usage block
checkRd: (7) ecospat.CCV.modeling.Rd:45: Tag \code is invalid in a \usage block
checkRd: (7) ecospat.CCV.modeling.Rd:46: Tag \code is invalid in a \usage block
checkRd: (7) ecospat.CCV.modeling.Rd:47: Tag \code is invalid in a \usage block
checkRd: (7) ecospat.CCV.modeling.Rd:48: Tag \code is invalid in a \usage block
* checking Rd metadata ... OK
* checking Rd line widths ... NOTE
Erreur : 30-44: Tag \code not expected in code block
Exécution arrêtée
These lines will be truncated in the PDF manual.
* checking Rd cross-references ... WARNING
Package inconnu 'DOI' dans les xrefs Rd
* checking for missing documentation entries ... OK
* checking for code/documentation mismatches ... OK
* checking Rd \usage sections ... WARNING
Documented arguments not in \usage in documentation object 'ecospat.plot.mess':
  'xy'

Bad \usage lines found in documentation object 'ecospat.CCV.modeling':
  ecospat.CCV.modeling(sp.data, 
                       env.data, 
                       xy,
                       DataSplitTable=NULL,
                       DataSplit = 70, 
                       NbRunEval = 25,
                       minNbPredictors =5,
                       validation.method = "cross-validation",
                       models.sdm = c("GLM","RF"), 
                       models.esm = "CTA", 
                       modeling.options.sdm = NULL, 
                       modeling.options.esm = NULL, 
                       ensemble.metric = "AUC", 
                       ESM = "YES",
                       parallel = TRUE, 
                       cpus = 4,
                       VarImport = 10,
                       modeling.id = as.character(format(Sys.time(), <unescaped bksl>code{"
  }
  \arguments{
    <unescaped bksl>item{sp.data}{a data.frame where the rows are sites and the columns are species (values 1,0)}
    <unescaped bksl>item{env.data}{either a data.frame where rows are sites and colums are environmental variables or a raster stack of the envrionmental variables}
    <unescaped bksl>item{xy}{two column data.frame with X and Y coordinates of the sites (most be same coordinate system as <unescaped bksl>code{env.data})}
    <unescaped bksl>item{DataSplitTable}{a table providing <unescaped bksl>code{TRUE/FALSE} to indicate what points are used for calibration and evaluation. As returned by <unescaped bksl>code{<unescaped bksl>link{ecospat.CCV.createDataSplitTable}}}
    <unescaped bksl>item{DataSplit}{percentage of dataset observations retained for the model training  (only needed if no <unescaped bksl>code{DataSplitTable} provided)}
    <unescaped bksl>item{NbRunEval}{number of cross-validatio/split sample runs (only needed if no <unescaped bksl>code{DataSplitTable} provided)}
    <unescaped bksl>item{minNbPredictors}{minimum number of occurences [min(presences/Absences] per predicotors needed to calibrate the models}
    <unescaped bksl>item{validation.method}{either "cross-validation" or "split-sample" used to validate the communtiy predictions (only needed if no <unescaped bksl>code{DataSplitTable} provided)}
    <unescaped bksl>item{models.sdm}{modeling techniques used for the normal SDMs. Vector of models names choosen among <unescaped bksl>code{'GLM', 'GBM', 'GAM', 'CTA', 'ANN', 'SRE', 'FDA', 'MARS', 'RF', 'MAXENT.Phillips' and 'MAXENT.Tsuruoka'}}
    <unescaped bksl>item{models.esm}{modeling techniques used for the ESMs. Vector of models names choosen among <unescaped bksl>code{'GLM', 'GBM', 'GAM', 'CTA', 'ANN', 'SRE', 'FDA', 'MARS', 'RF', 'MAXENT.Phillips' and 'MAXENT.Tsuruoka'}}
    <unescaped bksl>item{modeling.options.sdm}{modeling options for the normal SDMs. <unescaped bksl>code{"BIOMOD.models.options"}" object returned by <unescaped bksl>code{<unescaped bksl>link{BIOMOD_ModelingOptions}}}
    <unescaped bksl>item{modeling.options.esm}{modeling options for the ESMs. <unescaped bksl>code{"BIOMOD.models.options"} object returned by <unescaped bksl>code{<unescaped bksl>link{BIOMOD_ModelingOptions}}}
    <unescaped bksl>item{ensemble.metric}{evaluation score used to weight single models to build ensembles: <unescaped bksl>code{'AUC', 'Kappa' or 'TSS'}}
    <unescaped bksl>item{ESM}{either <unescaped bksl>code{'YES'} (ESMs allowed), <unescaped bksl>code{'NO'} (ESMs not allowed) or <unescaped bksl>code{'ALL'} (ESMs used in any case)}
    <unescaped bksl>item{parallel}{should parallel computing be allowed (<unescaped bksl>code{TRUE/FALSE})}
    <unescaped bksl>item{cpus}{number of cpus to use in parallel computing}
    <unescaped bksl>item{VarImport}{number of permutation runs to evaluate variable importance}
    <unescaped bksl>item{modeling.id}{character, the ID (=name) of modeling procedure. A random number by default}

Functions with \usage entries need to have the appropriate \alias
entries, and all their arguments documented.
The \usage entries must correspond to syntactically valid R code.
See chapter 'Writing R documentation files' in the 'Writing R
Extensions' manual.
* checking Rd contents ... OK
* checking for unstated dependencies in examples ... WARNING
'library' or 'require' call not declared from: 'alphahull'
* checking contents of 'data' directory ... OK
* checking data for non-ASCII characters ... OK
* checking data for ASCII and uncompressed saves ... OK
* checking sizes of PDF files under 'inst/doc' ... NOTE
Unable to find GhostScript executable to run checks on size reduction
* checking installed files from 'inst/doc' ... OK
* checking files in 'vignettes' ... WARNING
Files in the 'vignettes' directory newer than all files in 'inst/doc':
  'vignette_ecospat_package.Rmd'
* checking examples ... ERROR
Running examples in 'ecospat-Ex.R' failed
The error occurred in:


R version 3.5.0 (2018-04-23) -- "Joy in Playing"
Copyright (C) 2018 The R Foundation for Statistical Computing
Platform: x86_64-w64-mingw32/x64 (64-bit)

R is free software and comes with ABSOLUTELY NO WARRANTY.
You are welcome to redistribute it under certain conditions.
Type 'license()' or 'licence()' for distribution details.

  Natural language support but running in an English locale

R is a collaborative project with many contributors.
Type 'contributors()' for more information and
'citation()' on how to cite R or R packages in publications.

Type 'demo()' for some demos, 'help()' for on-line help, or
'help.start()' for an HTML browser interface to help.
Type 'q()' to quit R.

> pkgname <- "ecospat"
> source(file.path(R.home("share"), "R", "examples-header.R"))
> options(warn = 1)
> options(pager = "console")
> base::assign(".ExTimings", "ecospat-Ex.timings", pos = 'CheckExEnv')
> base::cat("name\tuser\tsystem\telapsed\n", file=base::get(".ExTimings", pos = 'CheckExEnv'))
> base::assign(".format_ptime",
+ function(x) {
+   if(!is.na(x[4L])) x[1L] <- x[1L] + x[4L]
+   if(!is.na(x[5L])) x[2L] <- x[2L] + x[5L]
+   options(OutDec = '.')
+   format(x[1L:3L], digits = 7L)
+ },
+ pos = 'CheckExEnv')
> 
> ### * </HEADER>
> library('ecospat')
Error in library("ecospat") : there is no package called 'ecospat'
Execution halted
* checking for unstated dependencies in vignettes ... OK
* checking package vignettes in 'inst/doc' ... OK
* checking re-building of vignette outputs ... WARNING
Error in re-building vignettes:
  ...
Warning in engine$weave(file, quiet = quiet, encoding = enc) :
  The vignette engine knitr::rmarkdown is not available, because the rmarkdown package is not installed. Please install it.
Quitting from lines 27-29 (vignette_ecospat_package.Rmd) 
Erreur : le traitement de la vignette 'vignette_ecospat_package.Rmd' a échoué avec le diagnostic :
there is no package called 'ecospat'
Exécution arrêtée

* checking PDF version of manual ... WARNING
LaTeX errors when creating PDF version.
This typically indicates Rd problems.
LaTeX errors found:
! LaTeX Error: File `inconsolata.sty' not found.

Type X to quit or <RETURN> to proceed,
or enter new name. (Default extension: sty)

! Emergency stop.
<read *> 
         
l.276 ^^M
         
!  ==> Fatal error occurred, no output PDF file produced!
* checking PDF version of manual without hyperrefs or index ... OK
* DONE
Status: 1 ERROR, 8 WARNINGs, 6 NOTEs
