This is pdfTeX, Version 3.14159265-2.6-1.40.19 (TeX Live 2018/W32TeX) (preloaded format=pdflatex 2018.6.14)  14 JUN 2018 11:50
entering extended mode
 restricted \write18 enabled.
 %&-line parsing enabled.
**Rd2.tex
(./Rd2.tex
LaTeX2e <2018-04-01> patch level 5

(c:/Users/obroenni/AppData/Roaming/TinyTeX/texmf-dist/tex/latex/base/book.cls
Document Class: book 2014/09/29 v1.4h Standard LaTeX document class
(c:/Users/obroenni/AppData/Roaming/TinyTeX/texmf-dist/tex/latex/base/bk10.clo
File: bk10.clo 2014/09/29 v1.4h Standard LaTeX file (size option)
)
\c@part=\count80
\c@chapter=\count81
\c@section=\count82
\c@subsection=\count83
\c@subsubsection=\count84
\c@paragraph=\count85
\c@subparagraph=\count86
\c@figure=\count87
\c@table=\count88
\abovecaptionskip=\skip41
\belowcaptionskip=\skip42
\bibindent=\dimen102
) (c:/Program Files/R/R-3.5.0/share/texmf/tex/latex/Rd.sty
Package: Rd 

(c:/Users/obroenni/AppData/Roaming/TinyTeX/texmf-dist/tex/latex/base/ifthen.sty
Package: ifthen 2014/09/29 v1.1c Standard LaTeX ifthen package (DPC)
)
(c:/Users/obroenni/AppData/Roaming/TinyTeX/texmf-dist/tex/latex/tools/longtable
.sty
Package: longtable 2014/10/28 v4.11 Multi-page Table package (DPC)
\LTleft=\skip43
\LTright=\skip44
\LTpre=\skip45
\LTpost=\skip46
\LTchunksize=\count89
\LTcapwidth=\dimen103
\LT@head=\box26
\LT@firsthead=\box27
\LT@foot=\box28
\LT@lastfoot=\box29
\LT@cols=\count90
\LT@rows=\count91
\c@LT@tables=\count92
\c@LT@chunks=\count93
\LT@p@ftn=\toks14
)
(c:/Users/obroenni/AppData/Roaming/TinyTeX/texmf-dist/tex/latex/tools/bm.sty
Package: bm 2017/01/16 v1.2c Bold Symbol Support (DPC/FMi)
\symboldoperators=\mathgroup4
\symboldletters=\mathgroup5
\symboldsymbols=\mathgroup6
LaTeX Font Info:    Redeclaring math alphabet \mathbf on input line 141.
LaTeX Info: Redefining \bm on input line 207.
)
(c:/Users/obroenni/AppData/Roaming/TinyTeX/texmf-dist/tex/latex/base/alltt.sty
Package: alltt 1997/06/16 v2.0g defines alltt environment
)
(c:/Users/obroenni/AppData/Roaming/TinyTeX/texmf-dist/tex/latex/tools/verbatim.
sty
Package: verbatim 2014/10/28 v1.5q LaTeX2e package for verbatim enhancements
\every@verbatim=\toks15
\verbatim@line=\toks16
\verbatim@in@stream=\read1
)
(c:/Users/obroenni/AppData/Roaming/TinyTeX/texmf-dist/tex/latex/url/url.sty
\Urlmuskip=\muskip10
Package: url 2013/09/16  ver 3.4  Verb mode for urls, etc.
)
(c:/Users/obroenni/AppData/Roaming/TinyTeX/texmf-dist/tex/latex/base/textcomp.s
ty
Package: textcomp 2017/04/05 v2.0i Standard LaTeX package
Package textcomp Info: Sub-encoding information:
(textcomp)               5 = only ISO-Adobe without \textcurrency
(textcomp)               4 = 5 + \texteuro
(textcomp)               3 = 4 + \textohm
(textcomp)               2 = 3 + \textestimated + \textcurrency
(textcomp)               1 = TS1 - \textcircled - \t
(textcomp)               0 = TS1 (full)
(textcomp)             Font families with sub-encoding setting implement
(textcomp)             only a restricted character set as indicated.
(textcomp)             Family '?' is the default used for unknown fonts.
(textcomp)             See the documentation for details.
Package textcomp Info: Setting ? sub-encoding to TS1/1 on input line 79.

(c:/Users/obroenni/AppData/Roaming/TinyTeX/texmf-dist/tex/latex/base/ts1enc.def
File: ts1enc.def 2001/06/05 v3.0e (jk/car/fm) Standard LaTeX file
Now handling font encoding TS1 ...
... processing UTF-8 mapping file for font encoding TS1

(c:/Users/obroenni/AppData/Roaming/TinyTeX/texmf-dist/tex/latex/base/ts1enc.dfu
File: ts1enc.dfu 2018/04/05 v1.2c UTF-8 support for inputenc
   defining Unicode char U+00A2 (decimal 162)
   defining Unicode char U+00A3 (decimal 163)
   defining Unicode char U+00A4 (decimal 164)
   defining Unicode char U+00A5 (decimal 165)
   defining Unicode char U+00A6 (decimal 166)
   defining Unicode char U+00A7 (decimal 167)
   defining Unicode char U+00A8 (decimal 168)
   defining Unicode char U+00A9 (decimal 169)
   defining Unicode char U+00AA (decimal 170)
   defining Unicode char U+00AC (decimal 172)
   defining Unicode char U+00AE (decimal 174)
   defining Unicode char U+00AF (decimal 175)
   defining Unicode char U+00B0 (decimal 176)
   defining Unicode char U+00B1 (decimal 177)
   defining Unicode char U+00B2 (decimal 178)
   defining Unicode char U+00B3 (decimal 179)
   defining Unicode char U+00B4 (decimal 180)
   defining Unicode char U+00B5 (decimal 181)
   defining Unicode char U+00B6 (decimal 182)
   defining Unicode char U+00B7 (decimal 183)
   defining Unicode char U+00B9 (decimal 185)
   defining Unicode char U+00BA (decimal 186)
   defining Unicode char U+00BC (decimal 188)
   defining Unicode char U+00BD (decimal 189)
   defining Unicode char U+00BE (decimal 190)
   defining Unicode char U+00D7 (decimal 215)
   defining Unicode char U+00F7 (decimal 247)
   defining Unicode char U+0192 (decimal 402)
   defining Unicode char U+02C7 (decimal 711)
   defining Unicode char U+02D8 (decimal 728)
   defining Unicode char U+02DD (decimal 733)
   defining Unicode char U+0E3F (decimal 3647)
   defining Unicode char U+2016 (decimal 8214)
   defining Unicode char U+2020 (decimal 8224)
   defining Unicode char U+2021 (decimal 8225)
   defining Unicode char U+2022 (decimal 8226)
   defining Unicode char U+2030 (decimal 8240)
   defining Unicode char U+2031 (decimal 8241)
   defining Unicode char U+203B (decimal 8251)
   defining Unicode char U+203D (decimal 8253)
   defining Unicode char U+2044 (decimal 8260)
   defining Unicode char U+204E (decimal 8270)
   defining Unicode char U+2052 (decimal 8274)
   defining Unicode char U+20A1 (decimal 8353)
   defining Unicode char U+20A4 (decimal 8356)
   defining Unicode char U+20A6 (decimal 8358)
   defining Unicode char U+20A9 (decimal 8361)
   defining Unicode char U+20AB (decimal 8363)
   defining Unicode char U+20AC (decimal 8364)
   defining Unicode char U+20B1 (decimal 8369)
   defining Unicode char U+2103 (decimal 8451)
   defining Unicode char U+2116 (decimal 8470)
   defining Unicode char U+2117 (decimal 8471)
   defining Unicode char U+211E (decimal 8478)
   defining Unicode char U+2120 (decimal 8480)
   defining Unicode char U+2122 (decimal 8482)
   defining Unicode char U+2126 (decimal 8486)
   defining Unicode char U+2127 (decimal 8487)
   defining Unicode char U+212E (decimal 8494)
   defining Unicode char U+2190 (decimal 8592)
   defining Unicode char U+2191 (decimal 8593)
   defining Unicode char U+2192 (decimal 8594)
   defining Unicode char U+2193 (decimal 8595)
   defining Unicode char U+2329 (decimal 9001)
   defining Unicode char U+232A (decimal 9002)
   defining Unicode char U+2422 (decimal 9250)
   defining Unicode char U+25E6 (decimal 9702)
   defining Unicode char U+25EF (decimal 9711)
   defining Unicode char U+266A (decimal 9834)
   defining Unicode char U+FEFF (decimal 65279)
))
LaTeX Info: Redefining \oldstylenums on input line 334.
Package textcomp Info: Setting cmr sub-encoding to TS1/0 on input line 349.
Package textcomp Info: Setting cmss sub-encoding to TS1/0 on input line 350.
Package textcomp Info: Setting cmtt sub-encoding to TS1/0 on input line 351.
Package textcomp Info: Setting cmvtt sub-encoding to TS1/0 on input line 352.
Package textcomp Info: Setting cmbr sub-encoding to TS1/0 on input line 353.
Package textcomp Info: Setting cmtl sub-encoding to TS1/0 on input line 354.
Package textcomp Info: Setting ccr sub-encoding to TS1/0 on input line 355.
Package textcomp Info: Setting ptm sub-encoding to TS1/4 on input line 356.
Package textcomp Info: Setting pcr sub-encoding to TS1/4 on input line 357.
Package textcomp Info: Setting phv sub-encoding to TS1/4 on input line 358.
Package textcomp Info: Setting ppl sub-encoding to TS1/3 on input line 359.
Package textcomp Info: Setting pag sub-encoding to TS1/4 on input line 360.
Package textcomp Info: Setting pbk sub-encoding to TS1/4 on input line 361.
Package textcomp Info: Setting pnc sub-encoding to TS1/4 on input line 362.
Package textcomp Info: Setting pzc sub-encoding to TS1/4 on input line 363.
Package textcomp Info: Setting bch sub-encoding to TS1/4 on input line 364.
Package textcomp Info: Setting put sub-encoding to TS1/5 on input line 365.
Package textcomp Info: Setting uag sub-encoding to TS1/5 on input line 366.
Package textcomp Info: Setting ugq sub-encoding to TS1/5 on input line 367.
Package textcomp Info: Setting ul8 sub-encoding to TS1/4 on input line 368.
Package textcomp Info: Setting ul9 sub-encoding to TS1/4 on input line 369.
Package textcomp Info: Setting augie sub-encoding to TS1/5 on input line 370.
Package textcomp Info: Setting dayrom sub-encoding to TS1/3 on input line 371.
Package textcomp Info: Setting dayroms sub-encoding to TS1/3 on input line 372.

Package textcomp Info: Setting pxr sub-encoding to TS1/0 on input line 373.
Package textcomp Info: Setting pxss sub-encoding to TS1/0 on input line 374.
Package textcomp Info: Setting pxtt sub-encoding to TS1/0 on input line 375.
Package textcomp Info: Setting txr sub-encoding to TS1/0 on input line 376.
Package textcomp Info: Setting txss sub-encoding to TS1/0 on input line 377.
Package textcomp Info: Setting txtt sub-encoding to TS1/0 on input line 378.
Package textcomp Info: Setting lmr sub-encoding to TS1/0 on input line 379.
Package textcomp Info: Setting lmdh sub-encoding to TS1/0 on input line 380.
Package textcomp Info: Setting lmss sub-encoding to TS1/0 on input line 381.
Package textcomp Info: Setting lmssq sub-encoding to TS1/0 on input line 382.
Package textcomp Info: Setting lmvtt sub-encoding to TS1/0 on input line 383.
Package textcomp Info: Setting lmtt sub-encoding to TS1/0 on input line 384.
Package textcomp Info: Setting qhv sub-encoding to TS1/0 on input line 385.
Package textcomp Info: Setting qag sub-encoding to TS1/0 on input line 386.
Package textcomp Info: Setting qbk sub-encoding to TS1/0 on input line 387.
Package textcomp Info: Setting qcr sub-encoding to TS1/0 on input line 388.
Package textcomp Info: Setting qcs sub-encoding to TS1/0 on input line 389.
Package textcomp Info: Setting qpl sub-encoding to TS1/0 on input line 390.
Package textcomp Info: Setting qtm sub-encoding to TS1/0 on input line 391.
Package textcomp Info: Setting qzc sub-encoding to TS1/0 on input line 392.
Package textcomp Info: Setting qhvc sub-encoding to TS1/0 on input line 393.
Package textcomp Info: Setting futs sub-encoding to TS1/4 on input line 394.
Package textcomp Info: Setting futx sub-encoding to TS1/4 on input line 395.
Package textcomp Info: Setting futj sub-encoding to TS1/4 on input line 396.
Package textcomp Info: Setting hlh sub-encoding to TS1/3 on input line 397.
Package textcomp Info: Setting hls sub-encoding to TS1/3 on input line 398.
Package textcomp Info: Setting hlst sub-encoding to TS1/3 on input line 399.
Package textcomp Info: Setting hlct sub-encoding to TS1/5 on input line 400.
Package textcomp Info: Setting hlx sub-encoding to TS1/5 on input line 401.
Package textcomp Info: Setting hlce sub-encoding to TS1/5 on input line 402.
Package textcomp Info: Setting hlcn sub-encoding to TS1/5 on input line 403.
Package textcomp Info: Setting hlcw sub-encoding to TS1/5 on input line 404.
Package textcomp Info: Setting hlcf sub-encoding to TS1/5 on input line 405.
Package textcomp Info: Setting pplx sub-encoding to TS1/3 on input line 406.
Package textcomp Info: Setting pplj sub-encoding to TS1/3 on input line 407.
Package textcomp Info: Setting ptmx sub-encoding to TS1/4 on input line 408.
Package textcomp Info: Setting ptmj sub-encoding to TS1/4 on input line 409.
)
\ldescriptionwidth=\skip47

(c:/Users/obroenni/AppData/Roaming/TinyTeX/texmf-dist/tex/latex/inconsolata/zi4
.sty
Package: zi4 2017/01/04 v1.112

`inconsolata-zi4' v1.112, 2017/01/04 Text macros for Inconsolata (msharpe)
(c:/Users/obroenni/AppData/Roaming/TinyTeX/texmf-dist/tex/latex/xkeyval/xkeyval
.sty
Package: xkeyval 2014/12/03 v2.7a package option processing (HA)

(c:/Users/obroenni/AppData/Roaming/TinyTeX/texmf-dist/tex/generic/xkeyval/xkeyv
al.tex
(c:/Users/obroenni/AppData/Roaming/TinyTeX/texmf-dist/tex/generic/xkeyval/xkvut
ils.tex
\XKV@toks=\toks17
\XKV@tempa@toks=\toks18

(c:/Users/obroenni/AppData/Roaming/TinyTeX/texmf-dist/tex/generic/xkeyval/keyva
l.tex))
\XKV@depth=\count94
File: xkeyval.tex 2014/12/03 v2.7a key=value parser (HA)
))
\zifour@ocount=\count95
)
(c:/Users/obroenni/AppData/Roaming/TinyTeX/texmf-dist/tex/latex/graphics/color.
sty
Package: color 2016/07/10 v1.1e Standard LaTeX Color (DPC)

(c:/Users/obroenni/AppData/Roaming/TinyTeX/texmf-dist/tex/latex/graphics-cfg/co
lor.cfg
File: color.cfg 2016/01/02 v1.6 sample color configuration
)
Package color Info: Driver file: pdftex.def on input line 147.

(c:/Users/obroenni/AppData/Roaming/TinyTeX/texmf-dist/tex/latex/graphics-def/pd
ftex.def
File: pdftex.def 2018/01/08 v1.0l Graphics/color driver for pdftex
))
(c:/Users/obroenni/AppData/Roaming/TinyTeX/texmf-dist/tex/latex/hyperref/hyperr
ef.sty
Package: hyperref 2018/02/06 v6.86b Hypertext links for LaTeX

(c:/Users/obroenni/AppData/Roaming/TinyTeX/texmf-dist/tex/generic/oberdiek/hobs
ub-hyperref.sty
Package: hobsub-hyperref 2016/05/16 v1.14 Bundle oberdiek, subset hyperref (HO)


(c:/Users/obroenni/AppData/Roaming/TinyTeX/texmf-dist/tex/generic/oberdiek/hobs
ub-generic.sty
Package: hobsub-generic 2016/05/16 v1.14 Bundle oberdiek, subset generic (HO)
Package: hobsub 2016/05/16 v1.14 Construct package bundles (HO)
Package: infwarerr 2016/05/16 v1.4 Providing info/warning/error messages (HO)
Package: ltxcmds 2016/05/16 v1.23 LaTeX kernel commands for general use (HO)
Package: ifluatex 2016/05/16 v1.4 Provides the ifluatex switch (HO)
Package ifluatex Info: LuaTeX not detected.
Package: ifvtex 2016/05/16 v1.6 Detect VTeX and its facilities (HO)
Package ifvtex Info: VTeX not detected.
Package: intcalc 2016/05/16 v1.2 Expandable calculations with integers (HO)
Package: ifpdf 2017/03/15 v3.2 Provides the ifpdf switch
Package: etexcmds 2016/05/16 v1.6 Avoid name clashes with e-TeX commands (HO)
Package etexcmds Info: Could not find \expanded.
(etexcmds)             That can mean that you are not using pdfTeX 1.50 or
(etexcmds)             that some package has redefined \expanded.
(etexcmds)             In the latter case, load this package earlier.
Package: kvsetkeys 2016/05/16 v1.17 Key value parser (HO)
Package: kvdefinekeys 2016/05/16 v1.4 Define keys (HO)
Package: pdftexcmds 2018/01/30 v0.27 Utility functions of pdfTeX for LuaTeX (HO
)
Package pdftexcmds Info: LuaTeX not detected.
Package pdftexcmds Info: \pdf@primitive is available.
Package pdftexcmds Info: \pdf@ifprimitive is available.
Package pdftexcmds Info: \pdfdraftmode found.
Package: pdfescape 2016/05/16 v1.14 Implements pdfTeX's escape features (HO)
Package: bigintcalc 2016/05/16 v1.4 Expandable calculations on big integers (HO
)
Package: bitset 2016/05/16 v1.2 Handle bit-vector datatype (HO)
Package: uniquecounter 2016/05/16 v1.3 Provide unlimited unique counter (HO)
)
Package hobsub Info: Skipping package `hobsub' (already loaded).
Package: letltxmacro 2016/05/16 v1.5 Let assignment for LaTeX macros (HO)
Package: hopatch 2016/05/16 v1.3 Wrapper for package hooks (HO)
Package: xcolor-patch 2016/05/16 xcolor patch
Package: atveryend 2016/05/16 v1.9 Hooks at the very end of document (HO)
Package atveryend Info: \enddocument detected (standard20110627).
Package: atbegshi 2016/06/09 v1.18 At begin shipout hook (HO)
Package: refcount 2016/05/16 v3.5 Data extraction from label references (HO)
Package: hycolor 2016/05/16 v1.8 Color options for hyperref/bookmark (HO)
)
(c:/Users/obroenni/AppData/Roaming/TinyTeX/texmf-dist/tex/generic/ifxetex/ifxet
ex.sty
Package: ifxetex 2010/09/12 v0.6 Provides ifxetex conditional
)
(c:/Users/obroenni/AppData/Roaming/TinyTeX/texmf-dist/tex/latex/oberdiek/auxhoo
k.sty
Package: auxhook 2016/05/16 v1.4 Hooks for auxiliary files (HO)
)
(c:/Users/obroenni/AppData/Roaming/TinyTeX/texmf-dist/tex/latex/oberdiek/kvopti
ons.sty
Package: kvoptions 2016/05/16 v3.12 Key value format for package options (HO)
)
\@linkdim=\dimen104
\Hy@linkcounter=\count96
\Hy@pagecounter=\count97

(c:/Users/obroenni/AppData/Roaming/TinyTeX/texmf-dist/tex/latex/hyperref/pd1enc
.def
File: pd1enc.def 2018/02/06 v6.86b Hyperref: PDFDocEncoding definition (HO)
Now handling font encoding PD1 ...
... no UTF-8 mapping file for font encoding PD1
)
\Hy@SavedSpaceFactor=\count98

(c:/Users/obroenni/AppData/Roaming/TinyTeX/texmf-dist/tex/latex/latexconfig/hyp
erref.cfg
File: hyperref.cfg 2002/06/06 v1.2 hyperref configuration of TeXLive
)
Package hyperref Info: Hyper figures OFF on input line 4509.
Package hyperref Info: Link nesting OFF on input line 4514.
Package hyperref Info: Hyper index ON on input line 4517.
Package hyperref Info: Plain pages OFF on input line 4524.
Package hyperref Info: Backreferencing OFF on input line 4529.
Package hyperref Info: Implicit mode ON; LaTeX internals redefined.
Package hyperref Info: Bookmarks ON on input line 4762.
\c@Hy@tempcnt=\count99
LaTeX Info: Redefining \url on input line 5115.
\XeTeXLinkMargin=\dimen105
\Fld@menulength=\count100
\Field@Width=\dimen106
\Fld@charsize=\dimen107
Package hyperref Info: Hyper figures OFF on input line 6369.
Package hyperref Info: Link nesting OFF on input line 6374.
Package hyperref Info: Hyper index ON on input line 6377.
Package hyperref Info: backreferencing OFF on input line 6384.
Package hyperref Info: Link coloring OFF on input line 6389.
Package hyperref Info: Link coloring with OCG OFF on input line 6394.
Package hyperref Info: PDF/A mode OFF on input line 6399.
LaTeX Info: Redefining \ref on input line 6439.
LaTeX Info: Redefining \pageref on input line 6443.
\Hy@abspage=\count101
\c@Item=\count102
\c@Hfootnote=\count103
)
Package hyperref Info: Driver (autodetected): hpdftex.

(c:/Users/obroenni/AppData/Roaming/TinyTeX/texmf-dist/tex/latex/hyperref/hpdfte
x.def
File: hpdftex.def 2018/02/06 v6.86b Hyperref driver for pdfTeX
\Fld@listcount=\count104
\c@bookmark@seq@number=\count105

(c:/Users/obroenni/AppData/Roaming/TinyTeX/texmf-dist/tex/latex/oberdiek/rerunf
ilecheck.sty
Package: rerunfilecheck 2016/05/16 v1.8 Rerun checks for auxiliary files (HO)
Package uniquecounter Info: New unique counter `rerunfilecheck' on input line 2
82.
)
\Hy@SectionHShift=\skip48
)

Package hyperref Warning: Option `hyperindex' has already been used,
(hyperref)                setting the option has no effect on input line 366.

Package hyperref Info: Option `colorlinks' set `true' on input line 366.

Package hyperref Warning: Option `pagebackref' has already been used,
(hyperref)                setting the option has no effect on input line 366.

Package hyperref Info: Option `linktocpage' set `true' on input line 366.
Package hyperref Info: Option `plainpages' set `false' on input line 366.
)
(c:/Users/obroenni/AppData/Roaming/TinyTeX/texmf-dist/tex/latex/base/makeidx.st
y
Package: makeidx 2014/09/29 v1.0m Standard LaTeX package
)
(c:/Users/obroenni/AppData/Roaming/TinyTeX/texmf-dist/tex/latex/base/inputenc.s
ty
Package: inputenc 2018/04/06 v1.3b Input encoding file
\inpenc@prehook=\toks19
\inpenc@posthook=\toks20

(c:/Users/obroenni/AppData/Roaming/TinyTeX/texmf-dist/tex/latex/base/latin1.def
File: latin1.def 2018/04/06 v1.3b Input encoding file
))
\@indexfile=\write3
\openout3 = `Rd2.idx'.


Writing index file Rd2.idx
(./Rd2.aux)
\openout1 = `Rd2.aux'.

LaTeX Font Info:    Checking defaults for OML/cmm/m/it on input line 8.
LaTeX Font Info:    ... okay on input line 8.
LaTeX Font Info:    Checking defaults for T1/cmr/m/n on input line 8.
LaTeX Font Info:    ... okay on input line 8.
LaTeX Font Info:    Checking defaults for OT1/cmr/m/n on input line 8.
LaTeX Font Info:    ... okay on input line 8.
LaTeX Font Info:    Checking defaults for OMS/cmsy/m/n on input line 8.
LaTeX Font Info:    ... okay on input line 8.
LaTeX Font Info:    Checking defaults for OMX/cmex/m/n on input line 8.
LaTeX Font Info:    ... okay on input line 8.
LaTeX Font Info:    Checking defaults for U/cmr/m/n on input line 8.
LaTeX Font Info:    ... okay on input line 8.
LaTeX Font Info:    Checking defaults for TS1/cmr/m/n on input line 8.
LaTeX Font Info:    Try loading font information for TS1+cmr on input line 8.

(c:/Users/obroenni/AppData/Roaming/TinyTeX/texmf-dist/tex/latex/base/ts1cmr.fd
File: ts1cmr.fd 2014/09/29 v2.5h Standard LaTeX font definitions
)
LaTeX Font Info:    ... okay on input line 8.
LaTeX Font Info:    Checking defaults for PD1/pdf/m/n on input line 8.
LaTeX Font Info:    ... okay on input line 8.
\AtBeginShipoutBox=\box30
Package hyperref Info: Link coloring ON on input line 8.

(c:/Users/obroenni/AppData/Roaming/TinyTeX/texmf-dist/tex/latex/hyperref/namere
f.sty
Package: nameref 2016/05/21 v2.44 Cross-referencing by name of section

(c:/Users/obroenni/AppData/Roaming/TinyTeX/texmf-dist/tex/generic/oberdiek/gett
itlestring.sty
Package: gettitlestring 2016/05/16 v1.5 Cleanup title references (HO)
)
\c@section@level=\count106
)
LaTeX Info: Redefining \ref on input line 8.
LaTeX Info: Redefining \pageref on input line 8.
LaTeX Info: Redefining \nameref on input line 8.
 (./Rd2.out) (./Rd2.out)
\@outlinefile=\write4
\openout4 = `Rd2.out'.

LaTeX Font Info:    Try loading font information for OT1+zi4 on input line 40.

(c:/Users/obroenni/AppData/Roaming/TinyTeX/texmf-dist/tex/latex/inconsolata/ot1
zi4.fd
File: ot1zi4.fd 2018/01/14 OT1/zi4 (Inconsolata)
)
LaTeX Font Info:    Font shape `OT1/zi4/m/n' will be
(Font)              scaled to size 10.0pt on input line 40.
LaTeX Font Info:    Try loading font information for OML+zi4 on input line 40.
LaTeX Font Info:    No file OMLzi4.fd. on input line 40.


LaTeX Font Warning: Font shape `OML/zi4/m/n' undefined
(Font)              using `OML/cmm/m/it' instead
(Font)              for symbol `textless' on input line 40.

LaTeX Font Info:    External font `cmex10' loaded for size
(Font)              <7> on input line 54.
LaTeX Font Info:    External font `cmex10' loaded for size
(Font)              <5> on input line 54.
[1


{c:/Users/obroenni/AppData/Roaming/TinyTeX/texmf-var/fonts/map/pdftex/updmap/pd
ftex.map}] (./Rd2.toc [2])
\tf@toc=\write5
\openout5 = `Rd2.toc'.


(c:/Users/obroenni/AppData/Roaming/TinyTeX/texmf-dist/tex/latex/base/utf8.def
File: utf8.def 2018/04/05 v1.2c UTF-8 support for inputenc
)
[3]
Overfull \hbox (26.44073pt too wide) in paragraph at lines 109--110
[]\OT1/zi4/m/n/10 ecospat.ESM.EnsembleModeling, ecospat.ESM.Projection, ecospat
.ESM.EnsembleProjection, 
 []

[4]
Overfull \hbox (55.12851pt too wide) in paragraph at lines 198--199
[]\OT1/cmr/m/n/10 Christophe Randin \OML/zi4/m/n/10 <\OT1/zi4/m/n/10 christophe
.randin@unibas.ch\OML/zi4/m/n/10 > \OT1/cmr/m/n/10 and An-toine Guisan \OML/zi4
/m/n/10 <\OT1/zi4/m/n/10 antoine.guisan@unil.ch\OML/zi4/m/n/10 > 
 []

LaTeX Font Info:    Font shape `OT1/zi4/m/n' will be
(Font)              scaled to size 9.0pt on input line 210.
[5]
Overfull \hbox (75.43416pt too wide) in paragraph at lines 248--249
[]\OT1/cmr/m/n/10 Ruben G. Ma-teo \OML/zi4/m/n/10 <\OT1/zi4/m/n/10 rubeng.mateo
@gmail.com\OML/zi4/m/n/10 > \OT1/cmr/m/n/10 with con-tri-bu-tions of Frank Brei
ner \OML/zi4/m/n/10 <\OT1/zi4/m/n/10 frank.breiner@wsl.ch\OML/zi4/m/n/10 > 
 []

[6]
LaTeX Font Info:    Try loading font information for TS1+zi4 on input line 275.


(c:/Users/obroenni/AppData/Roaming/TinyTeX/texmf-dist/tex/latex/inconsolata/ts1
zi4.fd
File: ts1zi4.fd 2018/01/14 TS1/zi4 (Inconsolata)
)
LaTeX Font Info:    Font shape `TS1/zi4/m/n' will be
(Font)              scaled to size 9.0pt on input line 275.
 [7]
Overfull \hbox (10.53123pt too wide) in paragraph at lines 348--349
[]\OT1/cmr/m/n/10 Blaise Pe-tit-pierre \OML/zi4/m/n/10 <\OT1/zi4/m/n/10 bpetitp
ierre@gmail.com\OML/zi4/m/n/10 > \OT1/cmr/m/n/10 and Frank Breiner \OML/zi4/m/n
/10 <\OT1/zi4/m/n/10 frank.breiner@unil.ch\OML/zi4/m/n/10 > 
 []

[8]
Overfull \hbox (9.7366pt too wide) in paragraph at lines 386--387
[]\OT1/cmr/m/n/10 Phylogenetic di-ver-sity can ei-ther be rooted or un-rooted. 
De-tails in Schweiger
 []


Overfull \hbox (41.80905pt too wide) in paragraph at lines 405--406
[]\OT1/cmr/m/n/10 Nicolas Salamin \OML/zi4/m/n/10 <\OT1/zi4/m/n/10 nicolas.sala
min@unil.ch\OML/zi4/m/n/10 > \OT1/cmr/m/n/10 and Dorothea Pio \OML/zi4/m/n/10 <
\OT1/zi4/m/n/10 Dorothea.Pio@fauna-flora.org\OML/zi4/m/n/10 > 
 []

[9] [10]
Overfull \hbox (20.24715pt too wide) in paragraph at lines 471--471
 []\OT1/zi4/m/n/9 caleval <- ecospat.caleval (data = ecospat.testData[53], xy =
 data[2:3], row.num = 1:nrow(data),[] 
 []

LaTeX Font Info:    Font shape `TS1/zi4/m/n' will be
(Font)              scaled to size 10.0pt on input line 488.

Overfull \hbox (424.13365pt too wide) in paragraph at lines 501--502
[]\OT1/cmr/m/n/10 a se-lec-tion of thresh-olds (\TS1/zi4/m/n/10 '\OT1/zi4/m/n/1
0 FIXED\TS1/zi4/m/n/10 '\OT1/zi4/m/n/10 , \TS1/zi4/m/n/10 '\OT1/zi4/m/n/10 MAX.
KAPPA\TS1/zi4/m/n/10 '\OT1/zi4/m/n/10 , \TS1/zi4/m/n/10 '\OT1/zi4/m/n/10 MAX.AC
CURACY\TS1/zi4/m/n/10 '\OT1/zi4/m/n/10 , \TS1/zi4/m/n/10 '\OT1/zi4/m/n/10 MAX.T
SS\TS1/zi4/m/n/10 '\OT1/zi4/m/n/10 , \TS1/zi4/m/n/10 '\OT1/zi4/m/n/10 SENS[]SPE
C\TS1/zi4/m/n/10 '\OT1/zi4/m/n/10 , \TS1/zi4/m/n/10 '\OT1/zi4/m/n/10 MAX.ROC\TS
1/zi4/m/n/10 '\OT1/zi4/m/n/10 , \TS1/zi4/m/n/10 '\OT1/zi4/m/n/10 OBS.PREVALENCE
\TS1/zi4/m/n/10 '\OT1/zi4/m/n/10 , \TS1/zi4/m/n/10 '\OT1/zi4/m/n/10 AVG.PROBABI
LITY\TS1/zi4/m/n/10 '\OT1/zi4/m/n/10 , \TS1/zi4/m/n/10 '\OT1/zi4/m/n/10 MCE\TS1
/zi4/m/n/10 '\OT1/zi4/m/n/10 , \TS1/zi4/m/n/10 '\OT1/zi4/m/n/10 PS[]SDM, MEM\TS
1/zi4/m/n/10 '\OT1/cmr/m/n/10 )
 []


Overfull \hbox (1010.2082pt too wide) in paragraph at lines 502--503
[]\OT1/cmr/m/n/10 a se-lec-tion of com-mu-nity eval-u-a-tion met-rics (\TS1/zi4
/m/n/10 '\OT1/zi4/m/n/10 SR.deviation\TS1/zi4/m/n/10 '\OT1/zi4/m/n/10 , \TS1/zi
4/m/n/10 '\OT1/zi4/m/n/10 community.AUC\TS1/zi4/m/n/10 '\OT1/zi4/m/n/10 , \TS1/
zi4/m/n/10 '\OT1/zi4/m/n/10 community.overprediction\TS1/zi4/m/n/10 ' \OT1/zi4/
m/n/10 ,\TS1/zi4/m/n/10 '\OT1/zi4/m/n/10 community.underprediction\TS1/zi4/m/n/
10 '\OT1/zi4/m/n/10 ,\TS1/zi4/m/n/10 ' \OT1/zi4/m/n/10 community.accuracy\TS1/z
i4/m/n/10 '\OT1/zi4/m/n/10 , \TS1/zi4/m/n/10 '\OT1/zi4/m/n/10 community.sensiti
vity\TS1/zi4/m/n/10 '\OT1/zi4/m/n/10 , \TS1/zi4/m/n/10 '\OT1/zi4/m/n/10 communi
ty.specificity\TS1/zi4/m/n/10 '\OT1/zi4/m/n/10 , \TS1/zi4/m/n/10 '\OT1/zi4/m/n/
10 community.kappa\TS1/zi4/m/n/10 '\OT1/zi4/m/n/10 , \TS1/zi4/m/n/10 '\OT1/zi4/
m/n/10 community.tss\TS1/zi4/m/n/10 '\OT1/zi4/m/n/10 , \TS1/zi4/m/n/10 '\OT1/zi
4/m/n/10 Sorensen\TS1/zi4/m/n/10 '\OT1/zi4/m/n/10 , \TS1/zi4/m/n/10 '\OT1/zi4/m
/n/10 Jaccard\TS1/zi4/m/n/10 '\OT1/zi4/m/n/10 , \TS1/zi4/m/n/10 '\OT1/zi4/m/n/1
0 Simpson\TS1/zi4/m/n/10 '\OT1/cmr/m/n/10 )
 []

[11] [12]
Overfull \hbox (9.76044pt too wide) in paragraph at lines 579--579
 []      \OT1/zi4/m/n/10 community.metrics=c(\TS1/zi4/m/n/10 '\OT1/zi4/m/n/10 S
R.deviation\TS1/zi4/m/n/10 '\OT1/zi4/m/n/10 ,\TS1/zi4/m/n/10 '\OT1/zi4/m/n/10 c
ommunity.AUC\TS1/zi4/m/n/10 '\OT1/zi4/m/n/10 ,\TS1/zi4/m/n/10 '\OT1/zi4/m/n/10 
probabilistic.Sorensen\TS1/zi4/m/n/10 '\OT1/zi4/m/n/10 ),[] 
 []


Overfull \hbox (411.62091pt too wide) in paragraph at lines 589--590
[]\OT1/cmr/m/n/10 a se-lec-tion of com-mu-nity met-rics to cal-cu-late (\TS1/zi
4/m/n/10 '\OT1/zi4/m/n/10 SR.deviation\TS1/zi4/m/n/10 '\OT1/zi4/m/n/10 , \TS1/z
i4/m/n/10 '\OT1/zi4/m/n/10 community.AUC\TS1/zi4/m/n/10 '\OT1/zi4/m/n/10 , \TS1
/zi4/m/n/10 '\OT1/zi4/m/n/10 probabilistic.Sorensen\TS1/zi4/m/n/10 '\OT1/zi4/m/
n/10 , \TS1/zi4/m/n/10 '\OT1/zi4/m/n/10 probabilistic.Jaccard\TS1/zi4/m/n/10 '\
OT1/zi4/m/n/10 , \TS1/zi4/m/n/10 '\OT1/zi4/m/n/10 probabilistic.Simpson\TS1/zi4
/m/n/10 '\OT1/cmr/m/n/10 ) 
 []

[13]
Overfull \hbox (189.05228pt too wide) in paragraph at lines 628--629
[]\OT1/cmr/m/n/10 If any of the other com-mu-nity eval-u-a-tion met-rics (\TS1/
zi4/m/n/10 '\OT1/zi4/m/n/10 probabilistic.Sorensen\TS1/zi4/m/n/10 '\OT1/zi4/m/n
/10 , \TS1/zi4/m/n/10 '\OT1/zi4/m/n/10 probabilistic.Jaccard\TS1/zi4/m/n/10 '\O
T1/zi4/m/n/10 , \TS1/zi4/m/n/10 '\OT1/zi4/m/n/10 probabilistic.Simpson\TS1/zi4/
m/n/10 '\OT1/cmr/m/n/10 )
 []

[14] [15] [16] [17]
Overfull \hbox (17.1347pt too wide) in paragraph at lines 808--809
[]\OT1/cmr/m/n/10 number of cross-validatio/split sam-ple runs (only needed if 
no \OT1/zi4/m/n/10 DataSplitTable
 []


Overfull \hbox (241.09683pt too wide) in paragraph at lines 811--812
\OT1/cmr/m/n/10 choosen among \TS1/zi4/m/n/10 '\OT1/zi4/m/n/10 GLM\TS1/zi4/m/n/
10 '\OT1/zi4/m/n/10 , \TS1/zi4/m/n/10 '\OT1/zi4/m/n/10 GBM\TS1/zi4/m/n/10 '\OT1
/zi4/m/n/10 , \TS1/zi4/m/n/10 '\OT1/zi4/m/n/10 GAM\TS1/zi4/m/n/10 '\OT1/zi4/m/n
/10 , \TS1/zi4/m/n/10 '\OT1/zi4/m/n/10 CTA\TS1/zi4/m/n/10 '\OT1/zi4/m/n/10 , \T
S1/zi4/m/n/10 '\OT1/zi4/m/n/10 ANN\TS1/zi4/m/n/10 '\OT1/zi4/m/n/10 , \TS1/zi4/m
/n/10 '\OT1/zi4/m/n/10 SRE\TS1/zi4/m/n/10 '\OT1/zi4/m/n/10 , \TS1/zi4/m/n/10 '\
OT1/zi4/m/n/10 FDA\TS1/zi4/m/n/10 '\OT1/zi4/m/n/10 , \TS1/zi4/m/n/10 '\OT1/zi4/
m/n/10 MARS\TS1/zi4/m/n/10 '\OT1/zi4/m/n/10 , \TS1/zi4/m/n/10 '\OT1/zi4/m/n/10 
RF\TS1/zi4/m/n/10 '\OT1/zi4/m/n/10 , \TS1/zi4/m/n/10 '\OT1/zi4/m/n/10 MAXENT.Ph
illips\TS1/zi4/m/n/10 ' \OT1/zi4/m/n/10 and \TS1/zi4/m/n/10 '\OT1/zi4/m/n/10 MA
XENT.Tsuruoka\TS1/zi4/m/n/10 ' 
 []


Overfull \hbox (204.93011pt too wide) in paragraph at lines 812--813
\OT1/cmr/m/n/10 among \TS1/zi4/m/n/10 '\OT1/zi4/m/n/10 GLM\TS1/zi4/m/n/10 '\OT1
/zi4/m/n/10 , \TS1/zi4/m/n/10 '\OT1/zi4/m/n/10 GBM\TS1/zi4/m/n/10 '\OT1/zi4/m/n
/10 , \TS1/zi4/m/n/10 '\OT1/zi4/m/n/10 GAM\TS1/zi4/m/n/10 '\OT1/zi4/m/n/10 , \T
S1/zi4/m/n/10 '\OT1/zi4/m/n/10 CTA\TS1/zi4/m/n/10 '\OT1/zi4/m/n/10 , \TS1/zi4/m
/n/10 '\OT1/zi4/m/n/10 ANN\TS1/zi4/m/n/10 '\OT1/zi4/m/n/10 , \TS1/zi4/m/n/10 '\
OT1/zi4/m/n/10 SRE\TS1/zi4/m/n/10 '\OT1/zi4/m/n/10 , \TS1/zi4/m/n/10 '\OT1/zi4/
m/n/10 FDA\TS1/zi4/m/n/10 '\OT1/zi4/m/n/10 , \TS1/zi4/m/n/10 '\OT1/zi4/m/n/10 M
ARS\TS1/zi4/m/n/10 '\OT1/zi4/m/n/10 , \TS1/zi4/m/n/10 '\OT1/zi4/m/n/10 RF\TS1/z
i4/m/n/10 '\OT1/zi4/m/n/10 , \TS1/zi4/m/n/10 '\OT1/zi4/m/n/10 MAXENT.Phillips\T
S1/zi4/m/n/10 ' \OT1/zi4/m/n/10 and \TS1/zi4/m/n/10 '\OT1/zi4/m/n/10 MAXENT.Tsu
ruoka\TS1/zi4/m/n/10 ' 
 []


Overfull \hbox (71.0133pt too wide) in paragraph at lines 815--816
[]\OT1/cmr/m/n/10 evaluation score used to weight sin-gle mod-els to build en-s
em-bles: \TS1/zi4/m/n/10 '\OT1/zi4/m/n/10 AUC\TS1/zi4/m/n/10 '\OT1/zi4/m/n/10 ,
 \TS1/zi4/m/n/10 '\OT1/zi4/m/n/10 Kappa\TS1/zi4/m/n/10 ' \OT1/zi4/m/n/10 or \TS
1/zi4/m/n/10 '\OT1/zi4/m/n/10 TSS\TS1/zi4/m/n/10 ' 
 []


Overfull \hbox (34.30876pt too wide) in paragraph at lines 825--827
\OT1/cmr/m/n/10 tions with the [][]\OT1/zi4/m/n/10 ecospat.CCV.communityEvaluat
ion.bin[][][] \OT1/cmr/m/n/10 or [][]\OT1/zi4/m/n/10 ecospat.CCV.communityEvalu
ation.prob[][][]
 []

[18]
Overfull \hbox (107.67657pt too wide) in paragraph at lines 837--838
[]\OT1/cmr/m/n/10 a 3-dimensional ar-ray of sin-gle species eval-u-a-tion met-r
ics (\TS1/zi4/m/n/10 '\OT1/zi4/m/n/10 Max.KAPPA\TS1/zi4/m/n/10 '\OT1/zi4/m/n/10
 , \TS1/zi4/m/n/10 '\OT1/zi4/m/n/10 Max.TSS\TS1/zi4/m/n/10 '\OT1/zi4/m/n/10 , \
TS1/zi4/m/n/10 '\OT1/zi4/m/n/10 AUC of ROC\TS1/zi4/m/n/10 '\OT1/cmr/m/n/10 ) 
 []


Overfull \hbox (130.52164pt too wide) in paragraph at lines 853--854
[][][]\OT1/zi4/m/n/10 ecospat.CCV.createDataSplitTable[][][]\OT1/cmr/m/n/10 ; [
][]\OT1/zi4/m/n/10 ecospat.CCV.communityEvaluation.bin[][][]\OT1/cmr/m/n/10 ; [
][]\OT1/zi4/m/n/10 ecospat.CCV.communityEvaluation.prob[][][] 
 []

[19] [20]
Overfull \hbox (2.47565pt too wide) in paragraph at lines 953--954
\OT1/cmr/m/n/10 mer-mann \OML/zi4/m/n/10 <\OT1/zi4/m/n/10 niklaus.zimmermann@ws
l.ch\OML/zi4/m/n/10 > \OT1/cmr/m/n/10 and Va-le-ria Di Cola \OML/zi4/m/n/10 <\O
T1/zi4/m/n/10 valeria.dicola@unil.ch\OML/zi4/m/n/10 > 
 []


Overfull \hbox (45.6698pt too wide) in paragraph at lines 963--964
[][][]\OT1/zi4/m/n/10 ecospat.meva.table[][][]\OT1/cmr/m/n/10 , [][]\OT1/zi4/m/
n/10 ecospat.max.tss[][][]\OT1/cmr/m/n/10 , [][]\OT1/zi4/m/n/10 ecospat.plot.ts
s[][][]\OT1/cmr/m/n/10 , [][]\OT1/zi4/m/n/10 ecospat.plot.kappa[][][]\OT1/cmr/m
/n/10 , [][]\OT1/zi4/m/n/10 ecospat.max.kappa[][][] 
 []

[21]
Overfull \hbox (10.55145pt too wide) in paragraph at lines 993--994
[]\OT1/cmr/m/n/10 Logical vari-able in-di-cat-ing whether the pre-dic-tion ma-t
rix con-tains presences-
 []

[22]
Overfull \hbox (76.00357pt too wide) in paragraph at lines 1029--1031
[]\OT1/cmr/m/n/10 with con-tri-bu-tion of Daniel Scher-rer \OML/zi4/m/n/10 <\OT
1/zi4/m/n/10 daniel.scherrer@unil.ch\OML/zi4/m/n/10 >\OT1/cmr/m/n/10 , Anne Dub
uis \OML/zi4/m/n/10 <\OT1/zi4/m/n/10 anne.dubuis@gmail.com\OML/zi4/m/n/10 >
 []

[23]
Overfull \hbox (2.89236pt too wide) in paragraph at lines 1083--1084
[]\OT1/cmr/m/n/10 Anne Dubuis \OML/zi4/m/n/10 <\OT1/zi4/m/n/10 anne.dubuis@gmai
l.com\OML/zi4/m/n/10 > \OT1/cmr/m/n/10 and Manuela D`Amen \OML/zi4/m/n/10 <\OT1
/zi4/m/n/10 manuela.damen@unil.ch\OML/zi4/m/n/10 > 
 []


Overfull \hbox (15.77475pt too wide) in paragraph at lines 1096--1096
 []\OT1/zi4/m/n/9 presence <- ecospat.testData[c(53,62,58,70,61,66,65,71,69,43,
63,56,68,57,55,60,54,67,59,64)][] 
 []

[24] [25] [26]
Overfull \hbox (47.9726pt too wide) in paragraph at lines 1229--1230
[]\OT1/cmr/m/n/10 Christophe Randin \OML/zi4/m/n/10 < \OT1/zi4/m/n/10 christoph
e.randin@wsl.ch\OML/zi4/m/n/10 > \OT1/cmr/m/n/10 and Manuela D'Amen <manuela.da
men@msn.com> 
 []


Overfull \hbox (43.45844pt too wide) in paragraph at lines 1276--1277
[]\OT1/cmr/m/n/10 Christophe Randin \OML/zi4/m/n/10 < \OT1/zi4/m/n/10 christoph
e.randin@wsl.ch\OML/zi4/m/n/10 > \OT1/cmr/m/n/10 and An-toine Guisan \OML/zi4/m
/n/10 <\OT1/zi4/m/n/10 antoine.guisan@unil.ch\OML/zi4/m/n/10 > 
 []

[27]
Overfull \hbox (55.12851pt too wide) in paragraph at lines 1319--1320
[]\OT1/cmr/m/n/10 Christophe Randin \OML/zi4/m/n/10 <\OT1/zi4/m/n/10 christophe
.randin@unibas.ch\OML/zi4/m/n/10 > \OT1/cmr/m/n/10 and An-toine Guisan \OML/zi4
/m/n/10 <\OT1/zi4/m/n/10 antoine.guisan@unil.ch\OML/zi4/m/n/10 > 
 []

[28]
Overfull \hbox (55.12851pt too wide) in paragraph at lines 1369--1370
[]\OT1/cmr/m/n/10 Christophe Randin \OML/zi4/m/n/10 <\OT1/zi4/m/n/10 christophe
.randin@unibas.ch\OML/zi4/m/n/10 > \OT1/cmr/m/n/10 and An-toine Guisan \OML/zi4
/m/n/10 <\OT1/zi4/m/n/10 antoine.guisan@unil.ch\OML/zi4/m/n/10 > 
 []

[29]
Overfull \hbox (4.76044pt too wide) in paragraph at lines 1396--1396
 []\OT1/zi4/m/n/10 ecospat.cv.me (data.cv.me, name.sp, names.pred, K=10, cv.lim
=10, jack.knife=FALSE)[] 
 []


Overfull \hbox (55.12851pt too wide) in paragraph at lines 1420--1421
[]\OT1/cmr/m/n/10 Christophe Randin \OML/zi4/m/n/10 <\OT1/zi4/m/n/10 christophe
.randin@unibas.ch\OML/zi4/m/n/10 > \OT1/cmr/m/n/10 and An-toine Guisan \OML/zi4
/m/n/10 <\OT1/zi4/m/n/10 antoine.guisan@unil.ch\OML/zi4/m/n/10 > 
 []

[30] [31]
Overfull \hbox (40.12851pt too wide) in paragraph at lines 1472--1473
[]\OT1/cmr/m/n/10 Christophe Randin \OML/zi4/m/n/10 <\OT1/zi4/m/n/10 christophe
.randin@wsl.ch\OML/zi4/m/n/10 > \OT1/cmr/m/n/10 and An-toine Guisan \OML/zi4/m/
n/10 <\OT1/zi4/m/n/10 antoine.guisan@unil.ch\OML/zi4/m/n/10 > 
 []

[32]
Overfull \hbox (35.74593pt too wide) in paragraph at lines 1571--1572
[]\OT1/cmr/m/n/10 an eval-u-a-tion score used to weight sin-gle mod-els to buil
d en-sem-bles:"AUC","TSS", 
 []

[33]
Overfull \hbox (31.3016pt too wide) in paragraph at lines 1581--1582
\OT1/cmr/m/n/10 'ANN', 'SRE', 'FDA', 'MARS', 'RF','MAXENT.Phillips', "MAX-ENT.T
suruoka"
 []


Overfull \hbox (55.88185pt too wide) in paragraph at lines 1607--1608
[]\OT1/cmr/m/n/10 A \OT1/zi4/m/n/10 "[][]BIOMOD.EnsembleModeling.out[][][]"\OT1
/cmr/m/n/10 . This ob-ject will be later given to [][]\OT1/zi4/m/n/10 ecospat.E
SM.EnsembleProjection[][][]
 []

[34]
Overfull \hbox (6.77475pt too wide) in paragraph at lines 1666--1666
 []\OT1/zi4/m/n/9 my.ESM_EF <- ecospat.ESM.EnsembleModeling(my.ESM,weighting.sc
ore=c("SomersD"),threshold=0)[] 
 []


Overfull \hbox (42.77475pt too wide) in paragraph at lines 1673--1673
 []\OT1/zi4/m/n/9 my.ESM_EFproj_current <- ecospat.ESM.EnsembleProjection(ESM.p
rediction.output=my.ESM_proj_current,[] 
 []

[35] [36]
Overfull \hbox (19.8476pt too wide) in paragraph at lines 1742--1743
[][][]\OT1/zi4/m/n/10 BIOMOD[]Modeling[][][]\OT1/cmr/m/n/10 , [][]\OT1/zi4/m/n/
10 BIOMOD[]Projection[][][]\OT1/cmr/m/n/10 , [][]\OT1/zi4/m/n/10 BIOMOD[]Ensemb
leForecasting[][][]\OT1/cmr/m/n/10 , [][]\OT1/zi4/m/n/10 BIOMOD[]EnsembleModeli
ng[][][] 
 []


Overfull \hbox (6.77475pt too wide) in paragraph at lines 1784--1784
 []\OT1/zi4/m/n/9 my.ESM_EF <- ecospat.ESM.EnsembleModeling(my.ESM,weighting.sc
ore=c("SomersD"),threshold=0)[] 
 []

[37]
Overfull \hbox (42.77475pt too wide) in paragraph at lines 1791--1791
 []\OT1/zi4/m/n/9 my.ESM_EFproj_current <- ecospat.ESM.EnsembleProjection(ESM.p
rediction.output=my.ESM_proj_current,[] 
 []

[38]
Overfull \hbox (26.85715pt too wide) in paragraph at lines 1847--1848
\OT1/cmr/m/n/10 'ANN', 'SRE', 'FDA', 'MARS', 'RF','MAXENT.Phillips', 'MAX-ENT.T
suruoka'
 []


Overfull \hbox (25.87436pt too wide) in paragraph at lines 1865--1866
[]\OT1/cmr/m/n/10 numeric. Calls re-moveTmp-Files() to delete all files from ra
s-terOp-tions()\TS1/cmr/m/n/10 $\OT1/cmr/m/n/10 tmpdir
 []


Overfull \hbox (25.5035pt too wide) in paragraph at lines 1887--1888
[]\OT1/cmr/m/n/10 Frank Breiner \OML/zi4/m/n/10 <\OT1/zi4/m/n/10 frank.breiner@
wsl.ch\OML/zi4/m/n/10 > \OT1/cmr/m/n/10 and Mirko Di Feb-braro \OML/zi4/m/n/10 
<\OT1/zi4/m/n/10 mirkodifebbraro@gmail.com\OML/zi4/m/n/10 >
 []

[39]
Overfull \hbox (15.22534pt too wide) in paragraph at lines 1899--1900
[][][]\OT1/zi4/m/n/10 ecospat.ESM.EnsembleModeling[][][]\OT1/cmr/m/n/10 , [][]\
OT1/zi4/m/n/10 ecospat.ESM.Projection[][][]\OT1/cmr/m/n/10 , [][]\OT1/zi4/m/n/1
0 ecospat.ESM.EnsembleProjection[][][] 
 []


Overfull \hbox (6.77475pt too wide) in paragraph at lines 1938--1938
 []\OT1/zi4/m/n/9 my.ESM_EF <- ecospat.ESM.EnsembleModeling(my.ESM,weighting.sc
ore=c("SomersD"),threshold=0)[] 
 []


Overfull \hbox (42.77475pt too wide) in paragraph at lines 1945--1945
 []\OT1/zi4/m/n/9 my.ESM_EFproj_current <- ecospat.ESM.EnsembleProjection(ESM.p
rediction.output=my.ESM_proj_current,[] 
 []

[40]
Overfull \hbox (28.09659pt too wide) in paragraph at lines 1983--1984
[]\OT1/cmr/m/n/10 Numeric. Calls re-moveTmp-Files() to delete all files from ra
s-terOp-tions()\TS1/cmr/m/n/10 $\OT1/cmr/m/n/10 tmpdir
 []


Overfull \hbox (26.17012pt too wide) in paragraph at lines 1997--1999
[]\OT1/cmr/m/n/10 Returns the pro-jec-tions for all se-lected mod-els (same as 
in \OT1/zi4/m/n/10 biomod2\OT1/cmr/m/n/10 ) See \OT1/zi4/m/n/10 "[][]BIOMOD.pro
jection.out[][][]"
 []

[41]
Overfull \hbox (5.22534pt too wide) in paragraph at lines 2017--2018
[][][]\OT1/zi4/m/n/10 ecospat.ESM.EnsembleModeling[][][]\OT1/cmr/m/n/10 , [][]\
OT1/zi4/m/n/10 ecospat.ESM.Modeling[][][]\OT1/cmr/m/n/10 , [][]\OT1/zi4/m/n/10 
ecospat.ESM.EnsembleProjection[][][] 
 []

[42]
Overfull \hbox (6.77475pt too wide) in paragraph at lines 2056--2056
 []\OT1/zi4/m/n/9 my.ESM_EF <- ecospat.ESM.EnsembleModeling(my.ESM,weighting.sc
ore=c("SomersD"),threshold=0)[] 
 []


Overfull \hbox (42.77475pt too wide) in paragraph at lines 2063--2063
 []\OT1/zi4/m/n/9 my.ESM_EFproj_current <- ecospat.ESM.EnsembleProjection(ESM.p
rediction.output=my.ESM_proj_current,[] 
 []

[43]
Overfull \hbox (71.75357pt too wide) in paragraph at lines 2121--2122
[]\OT1/cmr/m/n/10 Olivier Broen-ni-mann \OML/zi4/m/n/10 <\OT1/zi4/m/n/10 olivie
r.broennimann@unil.ch\OML/zi4/m/n/10 > \OT1/cmr/m/n/10 and Blaise Pe-tit-pierre
 \OML/zi4/m/n/10 <\OT1/zi4/m/n/10 bpetitpierre@gmail.com\OML/zi4/m/n/10 > 
 []


Overfull \hbox (20.27475pt too wide) in paragraph at lines 2141--2141
 []\OT1/zi4/m/n/9 occ.sp_test <- na.exclude(ecospat.sample.envar(dfsp=spp,colsp
xy=2:3,colspkept=1:3,dfvar=clim,[] 
 []

[44]
Overfull \hbox (6.76555pt too wide) in paragraph at lines 2150--2150
 []\OT1/zi4/m/n/9 for (i in 1:length(sp.list)){sp.nbocc<-c(sp.nbocc,length(whic
h(occ.sp[,1] == sp.list[i])))}[] 
 []

[45]
LaTeX Font Info:    Try loading font information for OMS+cmr on input line 2209
.

(c:/Users/obroenni/AppData/Roaming/TinyTeX/texmf-dist/tex/latex/base/omscmr.fd
File: omscmr.fd 2014/09/29 v2.5h Standard LaTeX font definitions
)
LaTeX Font Info:    Font shape `OMS/cmr/m/n' in size <10> not available
(Font)              Font shape `OMS/cmsy/m/n' tried instead on input line 2209.


Overfull \hbox (28.3294pt too wide) in paragraph at lines 2230--2234
\OT1/cmr/m/n/10 When se-lect-ing an-other sam-pling type (\OMS/cmsy/m/n/10 n\OT
1/cmr/m/n/10 'regular\OMS/cmsy/m/n/10 n\OT1/cmr/m/n/10 ', \OMS/cmsy/m/n/10 n\OT
1/cmr/m/n/10 'stratified\OMS/cmsy/m/n/10 n\OT1/cmr/m/n/10 ', \OMS/cmsy/m/n/10 n
\OT1/cmr/m/n/10 'nonaligned\OMS/cmsy/m/n/10 n\OT1/cmr/m/n/10 ',
 []


Overfull \hbox (0.70882pt too wide) in paragraph at lines 2234--2237
[]\OT1/cmr/m/n/10 data.frame or Spa-tial-Points. You can use your own set of Ps
eudo-Absences
 []

[46]
Overfull \hbox (15.77475pt too wide) in paragraph at lines 2266--2266
 []\OT1/zi4/m/n/9 random.spec <- cbind(as.data.frame(randomPoints(predictors,50
,extf=1)),species="randomSpec")[] 
 []

[47] [48]
Overfull \hbox (97.65643pt too wide) in paragraph at lines 2362--2363
[]\OT1/cmr/m/n/10 Antoine Guisan \OML/zi4/m/n/10 <\OT1/zi4/m/n/10 antoine.guisa
n@unil.ch\OML/zi4/m/n/10 > \OT1/cmr/m/n/10 with con-tri-bu-tions of Luigi Maio-
rano \OML/zi4/m/n/10 <\OT1/zi4/m/n/10 luigi.maiorano@gmail.com\OML/zi4/m/n/10 >

 []


Overfull \hbox (55.6698pt too wide) in paragraph at lines 2371--2372
[][][]\OT1/zi4/m/n/10 ecospat.meva.table[][][]\OT1/cmr/m/n/10 , [][]\OT1/zi4/m/
n/10 ecospat.max.tss[][][]\OT1/cmr/m/n/10 , [][]\OT1/zi4/m/n/10 ecospat.plot.ts
s[][][]\OT1/cmr/m/n/10 , [][]\OT1/zi4/m/n/10 ecospat.cohen.kappa[][][]\OT1/cmr/
m/n/10 , [][]\OT1/zi4/m/n/10 ecospat.plot.kappa[][][] 
 []


Overfull \hbox (97.65643pt too wide) in paragraph at lines 2416--2417
[]\OT1/cmr/m/n/10 Luigi Maio-rano \OML/zi4/m/n/10 <\OT1/zi4/m/n/10 luigi.maiora
no@gmail.com\OML/zi4/m/n/10 > \OT1/cmr/m/n/10 with con-tri-bu-tions of An-toine
 Guisan \OML/zi4/m/n/10 <\OT1/zi4/m/n/10 antoine.guisan@unil.ch\OML/zi4/m/n/10 
> 
 []

[49]
Overfull \hbox (65.6698pt too wide) in paragraph at lines 2424--2425
[][][]\OT1/zi4/m/n/10 ecospat.meva.table[][][]\OT1/cmr/m/n/10 , [][]\OT1/zi4/m/
n/10 ecospat.max.kappa[][][]\OT1/cmr/m/n/10 , [][]\OT1/zi4/m/n/10 ecospat.plot.
tss[][][]\OT1/cmr/m/n/10 , [][]\OT1/zi4/m/n/10 ecospat.cohen.kappa[][][]\OT1/cm
r/m/n/10 , [][]\OT1/zi4/m/n/10 ecospat.plot.kappa[][][] 
 []

[50]
Overfull \hbox (26.42029pt too wide) in paragraph at lines 2487--2487
 []\OT1/zi4/m/n/10 ecospat.mdr (data, xcol, ycol, datecol, mode, rep, mean.date
.error, fixed.sources.rows)[] 
 []

[51] [52]
Overfull \hbox (27.78088pt too wide) in paragraph at lines 2553--2553
 []\OT1/zi4/m/n/9 text(data[fixed.sources.rows,2]+0.5,data[fixed.sources.rows,1
]+0.5,data[fixed.sources.rows,3],[] 
 []


Overfull \hbox (96.6887pt too wide) in paragraph at lines 2597--2598
[]\OT1/cmr/m/n/10 Blaise Pe-tit-pierre \OML/zi4/m/n/10 <\OT1/zi4/m/n/10 bpetitp
ierre@gmail.com\OML/zi4/m/n/10 >\OT1/cmr/m/n/10 . Mod-i-fied by Daniel Scher-re
r \OML/zi4/m/n/10 <\OT1/zi4/m/n/10 daniel.j.a.scherrer@gmail.com\OML/zi4/m/n/10
 > 
 []

[53]
Overfull \hbox (97.65643pt too wide) in paragraph at lines 2656--2657
[]\OT1/cmr/m/n/10 Antoine Guisan \OML/zi4/m/n/10 <\OT1/zi4/m/n/10 antoine.guisa
n@unil.ch\OML/zi4/m/n/10 > \OT1/cmr/m/n/10 with con-tri-bu-tions of Luigi Maio-
rano \OML/zi4/m/n/10 <\OT1/zi4/m/n/10 luigi.maiorano@gmail.com\OML/zi4/m/n/10 >
 
 []


Overfull \hbox (50.6698pt too wide) in paragraph at lines 2664--2665
[][][]\OT1/zi4/m/n/10 ecospat.max.kappa[][][]\OT1/cmr/m/n/10 , [][]\OT1/zi4/m/n
/10 ecospat.max.tss[][][]\OT1/cmr/m/n/10 , [][]\OT1/zi4/m/n/10 ecospat.plot.tss
[][][]\OT1/cmr/m/n/10 , [][]\OT1/zi4/m/n/10 ecospat.cohen.kappa[][][]\OT1/cmr/m
/n/10 , [][]\OT1/zi4/m/n/10 ecospat.plot.kappa[][][] 
 []

[54]
Overfull \hbox (4.22568pt too wide) in paragraph at lines 2695--2696
[]\OT1/cmr/m/n/10 Robin En-gler \OML/zi4/m/n/10 <\OT1/zi4/m/n/10 robin.engler@g
mail.com\OML/zi4/m/n/10 >\OT1/cmr/m/n/10 , Wim Hordijk \OML/zi4/m/n/10 <\OT1/zi
4/m/n/10 wim@WorldWideWanderings.net\OML/zi4/m/n/10 >
 []

[55] [56] [57] [58]
Overfull \hbox (11.26555pt too wide) in paragraph at lines 2897--2897
 []\OT1/zi4/m/n/9 #################################### stability S in space ###
###############################[] 
 []

[59]
Overfull \hbox (53.58269pt too wide) in paragraph at lines 2939--2940
\OT1/cmr/m/n/10 tion. The de-fault value is 1. On mul-ti-core com-put-ers, the 
op-ti-mal would be \OT1/zi4/m/n/10 ncores = detectCores() - 1\OT1/cmr/m/n/10 . 

 []

[60] [61]
Overfull \hbox (53.58269pt too wide) in paragraph at lines 3039--3040
\OT1/cmr/m/n/10 tion. The de-fault value is 1. On mul-ti-core com-put-ers, the 
op-ti-mal would be \OT1/zi4/m/n/10 ncores = detectCores() - 1\OT1/cmr/m/n/10 . 

 []

[62] [63]
Overfull \hbox (42.76555pt too wide) in paragraph at lines 3134--3134
 []\OT1/zi4/m/n/9 #################################### occurrence density in sp
ace ##################################[] 
 []

[64] [65] [66] [67] [68]
Overfull \hbox (39.79515pt too wide) in paragraph at lines 3373--3374
[]\OT1/cmr/m/n/10 Christophe Randin \OML/zi4/m/n/10 <\OT1/zi4/m/n/10 christophe
.randin@unibas.ch\OML/zi4/m/n/10 >\OT1/cmr/m/n/10 , An-toine Guisan \OML/zi4/m/
n/10 <\OT1/zi4/m/n/10 antoine.guisan@unil.ch\OML/zi4/m/n/10 >
 []

[69]
Overfull \hbox (35.55869pt too wide) in paragraph at lines 3424--3426
[][][]\OT1/zi4/m/n/10 ecospat.plot.niche.dyn[][][]\OT1/cmr/m/n/10 ,[][]\OT1/zi4
/m/n/10 ecospat.plot.overlap.test[][][]\OT1/cmr/m/n/10 , [][]\OT1/zi4/m/n/10 ec
ospat.niche.similarity.test[][][]\OT1/cmr/m/n/10 ,\OT1/zi4/m/n/10 princomp 
 []


Overfull \hbox (98.53142pt too wide) in paragraph at lines 3457--3458
[]\OT1/cmr/m/n/10 Luigi Maio-rano \OML/zi4/m/n/10 <\OT1/zi4/m/n/10 luigi.maiora
no@gmail.com\OML/zi4/m/n/10 > \OT1/cmr/m/n/10 with con-tri-bu-tions of Va-le-ri
a Di Cola \OML/zi4/m/n/10 <\OT1/zi4/m/n/10 valeria.dicola@unil.ch\OML/zi4/m/n/1
0 >\OT1/cmr/m/n/10 . 
 []


Overfull \hbox (50.6698pt too wide) in paragraph at lines 3468--3469
[][][]\OT1/zi4/m/n/10 ecospat.meva.table[][][]\OT1/cmr/m/n/10 , [][]\OT1/zi4/m/
n/10 ecospat.max.tss[][][]\OT1/cmr/m/n/10 , [][]\OT1/zi4/m/n/10 ecospat.plot.ts
s[][][]\OT1/cmr/m/n/10 , [][]\OT1/zi4/m/n/10 ecospat.cohen.kappa[][][]\OT1/cmr/
m/n/10 , [][]\OT1/zi4/m/n/10 ecospat.max.kappa[][][] 
 []

[70] [71]
Overfull \hbox (29.13347pt too wide) in paragraph at lines 3549--3550
[]\OT1/cmr/m/n/10 A grid-clim ob-ject for the species dis-tri-bu-tion cre-ated 
by \OT1/zi4/m/n/10 ecospat.grid.clim.dyn\OT1/cmr/m/n/10 . 
 []

[72]
Overfull \hbox (21.16243pt too wide) in paragraph at lines 3594--3595
[]\OT1/cmr/m/n/10 Choose which den-sity to plot: if \OT1/zi4/m/n/10 interest=1\
OT1/cmr/m/n/10 , plot na-tive den-sity, if \OT1/zi4/m/n/10 interest=2\OT1/cmr/m
/n/10 ,
 []

[73]
Overfull \hbox (60.6698pt too wide) in paragraph at lines 3683--3684
[][][]\OT1/zi4/m/n/10 ecospat.meva.table[][][]\OT1/cmr/m/n/10 , [][]\OT1/zi4/m/
n/10 ecospat.max.tss[][][]\OT1/cmr/m/n/10 , [][]\OT1/zi4/m/n/10 ecospat.plot.ka
ppa[][][]\OT1/cmr/m/n/10 , [][]\OT1/zi4/m/n/10 ecospat.cohen.kappa[][][]\OT1/cm
r/m/n/10 , [][]\OT1/zi4/m/n/10 ecospat.max.kappa[][][] 
 []

[74]
Overfull \hbox (0.54227pt too wide) in paragraph at lines 3712--3713
[]\OT1/cmr/m/n/10 The range of columns for the en-vi-ron-men-tal vari-ables in 
glob. colvar="all"
 []

[75] [76] [77]
Underfull \vbox (badness 10000) has occurred while \output is active []

 [78]
Overfull \hbox (23.28088pt too wide) in paragraph at lines 3906--3906
 []\OT1/zi4/m/n/9 #plot(rangesize$RangeObjects$model.within.eoo[[i]],col=c("gre
y","blue","darkgreen"),legend=F)[] 
 []


Overfull \hbox (12.76862pt too wide) in paragraph at lines 3920--3920
 []\OT1/zi4/m/n/9 #  mn <- mean(sqrt(abs(del$mesh[,3]-del$mesh[,5])^2+abs(del$m
esh[,4]-del$mesh[,6])^2))*alpha[] 
 []

[79]
Overfull \hbox (80.30913pt too wide) in paragraph at lines 3964--3965
[]\OT1/cmr/m/n/10 Achilleas Pso-mas \OML/zi4/m/n/10 <\OT1/zi4/m/n/10 achilleas.
psomas@wsl.ch\OML/zi4/m/n/10 > \OT1/cmr/m/n/10 and Niklaus E. Zim-mer-mann \OML
/zi4/m/n/10 <\OT1/zi4/m/n/10 niklaus.zimmermann@wsl.ch\OML/zi4/m/n/10 > 
 []

[80]
Overfull \hbox (80.30913pt too wide) in paragraph at lines 4021--4022
[]\OT1/cmr/m/n/10 Achilleas Pso-mas \OML/zi4/m/n/10 <\OT1/zi4/m/n/10 achilleas.
psomas@wsl.ch\OML/zi4/m/n/10 > \OT1/cmr/m/n/10 and Niklaus E. Zim-mer-mann \OML
/zi4/m/n/10 <\OT1/zi4/m/n/10 niklaus.zimmermann@wsl.ch\OML/zi4/m/n/10 > 
 []


Overfull \hbox (35.26862pt too wide) in paragraph at lines 4039--4039
 []    \OT1/zi4/m/n/9 points(B3B12.prop_samples$x,B3B12.prop_samples$y,pch=16,c
ex=0.6,col=B3B12.prop_samples$class)[] 
 []

[81]
Overfull \hbox (80.30913pt too wide) in paragraph at lines 4083--4084
[]\OT1/cmr/m/n/10 Achilleas Pso-mas \OML/zi4/m/n/10 <\OT1/zi4/m/n/10 achilleas.
psomas@wsl.ch\OML/zi4/m/n/10 > \OT1/cmr/m/n/10 and Niklaus E. Zim-mer-mann \OML
/zi4/m/n/10 <\OT1/zi4/m/n/10 niklaus.zimmermann@wsl.ch\OML/zi4/m/n/10 > 
 []


Overfull \hbox (35.26862pt too wide) in paragraph at lines 4102--4102
 []    \OT1/zi4/m/n/9 points(B3B12.regl_samples$x,B3B12.regl_samples$y,pch=16,c
ex=0.6,col=B3B12.regl_samples$class)[] 
 []

[82]
Overfull \hbox (23.27168pt too wide) in paragraph at lines 4151--4151
 []\OT1/zi4/m/n/9 occ.sp1 <- ecospat.occ.desaggregation(dfvar=sp1,colxy=2:3,col
var=NULL, min.dist=500,plot=TRUE)[] 
 []


Overfull \hbox (20.27475pt too wide) in paragraph at lines 4154--4154
 []\OT1/zi4/m/n/9 occ_sp1 <- na.exclude(ecospat.sample.envar(dfsp=occ.sp1,colsp
xy=1:2,colspkept=1:2,dfvar=clim,[] 
 []

[83]
Overfull \hbox (2.89236pt too wide) in paragraph at lines 4193--4194
[]\OT1/cmr/m/n/10 Manuela D`Amen \OML/zi4/m/n/10 <\OT1/zi4/m/n/10 manuela.damen
@unil.ch\OML/zi4/m/n/10 > \OT1/cmr/m/n/10 and Anne Dubuis \OML/zi4/m/n/10 <\OT1
/zi4/m/n/10 anne.dubuis@gmail.com\OML/zi4/m/n/10 > 
 []

[84] [85] [86] [87]
Overfull \hbox (5.00673pt too wide) in paragraph at lines 4367--4368
\OT1/cmr/m/n/10 Leontodon[]hispidus[]sl, Dactylis[]glomerata, Tri-folium[]repen
s[]sstr, Gera-nium[]sylvaticum, Ra-
 []


Overfull \hbox (2.46504pt too wide) in paragraph at lines 4367--4368
\OT1/cmr/m/n/10 nun-cu-lus[]acris[]sl, Prunella[]vulgaris, Veron-ica[]chamaedry
s, Tarax-acum[]officinale[]aggr, Plan-
 []


Overfull \hbox (14.86508pt too wide) in paragraph at lines 4367--4368
\OT1/cmr/m/n/10 tago[]lanceolata, Po-ten-tilla[]erecta, Carex[]sempervirens, So
l-danella[]alpina, Cyno-su-rus[]cristatus,
 []

[88] [89] [90]
Overfull \hbox (33.72054pt too wide) in paragraph at lines 4495--4496
[]\OT1/cmr/m/n/10 Scientific name of the species used in the exmaple: Bro-mus[]
erectus[]sstr, Sax-ifraga[]oppositifolia,
 []

[91]
Overfull \hbox (21.1701pt too wide) in paragraph at lines 4561--4562
[]\OT1/cmr/m/n/10 Blaise Pe-tit-pierre \OML/zi4/m/n/10 <\OT1/zi4/m/n/10 bpetitp
ierre@gmail.com\OML/zi4/m/n/10 > \OT1/cmr/m/n/10 and Va-le-ria Di Cola \OML/zi4
/m/n/10 <\OT1/zi4/m/n/10 valeria.dicola@unil.ch\OML/zi4/m/n/10 > 
 []

[92]
Overfull \hbox (21.1701pt too wide) in paragraph at lines 4621--4622
[]\OT1/cmr/m/n/10 Blaise Pe-tit-pierre \OML/zi4/m/n/10 <\OT1/zi4/m/n/10 bpetitp
ierre@gmail.com\OML/zi4/m/n/10 > \OT1/cmr/m/n/10 and Va-le-ria Di Cola \OML/zi4
/m/n/10 <\OT1/zi4/m/n/10 valeria.dicola@unil.ch\OML/zi4/m/n/10 > 
 []

[93]
Overfull \hbox (16.70961pt too wide) in paragraph at lines 4650--4700
[]\OT1/cmr/m/n/10 [1] "Rumex[]acetosa" [2] "Poly-gonum[]bistorta" [3] "Poly-gon
um[]viviparum" [4] "Rumex[]crispus"
 []


Overfull \hbox (42.66794pt too wide) in paragraph at lines 4650--4700
\OT1/cmr/m/n/10 [5] "Cerastium[]latifolium" [6] "Si-lene[]acaulis" [7] "Gyp-sop
hila[]repens" [8] "Vac-cinium[]gaultherioides"
 []


Overfull \hbox (21.6819pt too wide) in paragraph at lines 4650--4700
\OT1/cmr/m/n/10 [9] "Sol-danella[]alpina" [10] "Cru-ci-ata[]laevipes" [11] "Gal
-ium[]album" [12] "Gal-ium[]anisophyllon"
 []


Overfull \hbox (8.41791pt too wide) in paragraph at lines 4650--4700
\OT1/cmr/m/n/10 tiana[]purpurea" [17] "Gen-tiana[]lutea" [18] "Bart-sia[]alpina
" [19] "Rhi-nan-thus[]alectorolophus"
 []


Overfull \hbox (29.23746pt too wide) in paragraph at lines 4650--4700
\OT1/cmr/m/n/10 [20] "Prunella[]grandiflora" [21] "Aci-nos[]alpinus" [22] "Plan
-tago[]alpina" [23] "Plan-tago[]lanceolata"
 []


Overfull \hbox (38.32068pt too wide) in paragraph at lines 4650--4700
\OT1/cmr/m/n/10 [24] "Veron-ica[]officinalis" [25] "Veron-ica[]aphylla" [26] "V
eron-ica[]alpina" [27] "Veron-ica[]chamaedrys"
 []


Overfull \hbox (4.35953pt too wide) in paragraph at lines 4650--4700
\OT1/cmr/m/n/10 [28] "Veron-ica[]persica" [29] "Glob-u-laria[]cordifolia" [30] 
"Glob-u-laria[]nudicaulis" [31] "Myoso-
 []


Overfull \hbox (26.54298pt too wide) in paragraph at lines 4650--4700
\OT1/cmr/m/n/10 "Hypochaeris[]radicata" [39] "Achil-lea[]atrata" [40] "Achil-le
a[]millefolium" [41] "Ho-mog-yne[]alpina"
 []


Overfull \hbox (43.15407pt too wide) in paragraph at lines 4650--4700
\OT1/cmr/m/n/10 [42] "Senecio[]doronicum" [43] "Adenos-tyles[]glabra" [44] "Ar-
nica[]montana" [45] "Aster[]bellidiastrum"
 []


Overfull \hbox (1.69289pt too wide) in paragraph at lines 4650--4700
\OT1/cmr/m/n/10 [46] "Bel-lis[]perennis" [47] "Doron-icum[]grandiflorum" [48] "
Phy-teuma[]orbiculare" [49] "Phy-
 []


Overfull \hbox (30.94795pt too wide) in paragraph at lines 4704--4705
[]\OT1/cmr/m/n/10 Charlotte Ndiribe \OML/zi4/m/n/10 <\OT1/zi4/m/n/10 charlotte.
ndiribe@unil.ch\OML/zi4/m/n/10 >\OT1/cmr/m/n/10 , Nico-las Salamin \OML/zi4/m/n
/10 <\OT1/zi4/m/n/10 nicolas.salamin@unil.ch\OML/zi4/m/n/10 >
 []

[94] [95] (./Rd2.ind [96]
LaTeX Font Info:    Font shape `OMS/cmr/bx/n' in size <12> not available
(Font)              Font shape `OMS/cmsy/b/n' tried instead on input line 3.

Overfull \hbox (8.63449pt too wide) in paragraph at lines 4--6
[]| \OT1/zi4/m/n/10 ecospat.CCV.communityEvaluation.bin\OT1/cmr/m/n/10 , 
 []


Overfull \hbox (13.63449pt too wide) in paragraph at lines 6--8
[]| \OT1/zi4/m/n/10 ecospat.CCV.communityEvaluation.prob\OT1/cmr/m/n/10 , 
 []


Overfull \hbox (8.63449pt too wide) in paragraph at lines 12--14
[]| \OT1/zi4/m/n/10 ecospat.CCV.communityEvaluation.bin\OT1/cmr/m/n/10 , 
 []


Overfull \hbox (13.63449pt too wide) in paragraph at lines 14--16
[]| \OT1/zi4/m/n/10 ecospat.CCV.communityEvaluation.prob\OT1/cmr/m/n/10 , 
 []


LaTeX Font Warning: Font shape `OT1/zi4/m/it' undefined
(Font)              using `OT1/zi4/m/n' instead on input line 63.

[97

]
Overfull \hbox (8.63449pt too wide) in paragraph at lines 216--221
[]\OT1/zi4/m/n/10 https://doi.org/10.1111/2041-210X.12957\OT1/cmr/m/n/10 , 
 []

[98

])
Package atveryend Info: Empty hook `BeforeClearDocument' on input line 4768.
Package atveryend Info: Empty hook `AfterLastShipout' on input line 4768.
 (./Rd2.aux)
Package atveryend Info: Executing hook `AtVeryEndDocument' on input line 4768.
Package atveryend Info: Executing hook `AtEndAfterFileList' on input line 4768.

Package rerunfilecheck Info: File `Rd2.out' has not changed.
(rerunfilecheck)             Checksum: C741D88DAE5D863C76145103242814BA;5256.


LaTeX Font Warning: Some font shapes were not available, defaults substituted.

Package atveryend Info: Empty hook `AtVeryVeryEnd' on input line 4768.
 ) 
Here is how much of TeX's memory you used:
 6594 strings out of 494587
 99310 string characters out of 6176211
 175332 words of memory out of 5000000
 9352 multiletter control sequences out of 15000+600000
 11702 words of font info for 41 fonts, out of 8000000 for 9000
 14 hyphenation exceptions out of 8191
 38i,6n,36p,1021b,592s stack positions out of 5000i,500n,10000p,200000b,80000s
pdfTeX warning (dest): name{Rfn.dudi.pca} has been referenced but does not ex
ist, replaced by a fixed one

pdfTeX warning (dest): name{Rfn.princomp} has been referenced but does not exis
t, replaced by a fixed one

pdfTeX warning (dest): name{Rfn.mgram} has been referenced but does not exist, 
replaced by a fixed one

pdfTeX warning (dest): name{Rfn.BIOMOD.projection.out.Rdash.class} has been ref
erenced but does not exist, replaced by a fixed one

pdfTeX warning (dest): name{Rfn.BIOMOD.models.out.Rdash.class} has been referen
ced but does not exist, replaced by a fixed one

pdfTeX warning (dest): name{Rfn.BIOMOD.Rul.FormatingData} has been referenced b
ut does not exist, replaced by a fixed one

pdfTeX warning (dest): name{Rfn.BIOMOD.Rul.EnsembleModeling} has been reference
d but does not exist, replaced by a fixed one

pdfTeX warning (dest): name{Rfn.BIOMOD.Rul.EnsembleForecasting} has been refere
nced but does not exist, replaced by a fixed one

pdfTeX warning (dest): name{Rfn.BIOMOD.Rul.Projection} has been referenced but 
does not exist, replaced by a fixed one

pdfTeX warning (dest): name{Rfn.https://doi.org/10.1111/2041.Rdash.210X.12957} 
has been referenced but does not exist, replaced by a fixed one

pdfTeX warning (dest): name{Rfn.BIOMOD.EnsembleModeling.out.Rdash.class} has be
en referenced but does not exist, replaced by a fixed one

pdfTeX warning (dest): name{Rfn.BIOMOD.Rul.Modeling} has been referenced but do
es not exist, replaced by a fixed one

pdfTeX warning (dest): name{Rfn.BIOMOD.Rul.ModelingOptions} has been referenced
 but does not exist, replaced by a fixed one

pdfTeX warning (dest): name{Rfn.optimal.thresholds} has been referenced but doe
s not exist, replaced by a fixed one

{c:/Users/obroenni/AppData/Roaming/TinyTeX/texmf-dist/fonts/enc/dvips/inconsola
ta/i4-ts1.enc}{c:/Users/obroenni/AppData/Roaming/TinyTeX/texmf-dist/fonts/enc/d
vips/inconsolata/i4-ot1-0.enc} <c:/Users/obroenni/.TinyTeX/texmf-var/fonts/pk/l
jfour/jknappen/ec/tcrm1000.600pk><c:/Users/obroenni/AppData/Roaming/TinyTeX/tex
mf-dist/fonts/type1/public/inconsolata/Inconsolata-zi4r.pfb><c:/Users/obroenni/
AppData/Roaming/TinyTeX/texmf-dist/fonts/type1/public/amsfonts/cm/cmbsy10.pfb><
c:/Users/obroenni/AppData/Roaming/TinyTeX/texmf-dist/fonts/type1/public/amsfont
s/cm/cmbx10.pfb><c:/Users/obroenni/AppData/Roaming/TinyTeX/texmf-dist/fonts/typ
e1/public/amsfonts/cm/cmbx12.pfb><c:/Users/obroenni/AppData/Roaming/TinyTeX/tex
mf-dist/fonts/type1/public/amsfonts/cm/cmmi10.pfb><c:/Users/obroenni/AppData/Ro
aming/TinyTeX/texmf-dist/fonts/type1/public/amsfonts/cm/cmr10.pfb><c:/Users/obr
oenni/AppData/Roaming/TinyTeX/texmf-dist/fonts/type1/public/amsfonts/cm/cmr12.p
fb><c:/Users/obroenni/AppData/Roaming/TinyTeX/texmf-dist/fonts/type1/public/ams
fonts/cm/cmsl10.pfb><c:/Users/obroenni/AppData/Roaming/TinyTeX/texmf-dist/fonts
/type1/public/amsfonts/cm/cmss10.pfb><c:/Users/obroenni/AppData/Roaming/TinyTeX
/texmf-dist/fonts/type1/public/amsfonts/cm/cmss12.pfb><c:/Users/obroenni/AppDat
a/Roaming/TinyTeX/texmf-dist/fonts/type1/public/amsfonts/cm/cmsy10.pfb><c:/User
s/obroenni/AppData/Roaming/TinyTeX/texmf-dist/fonts/type1/public/amsfonts/cm/cm
ti10.pfb>
Output written on Rd2.pdf (98 pages, 392563 bytes).
PDF statistics:
 2007 PDF objects out of 2073 (max. 8388607)
 1873 compressed objects within 19 object streams
 806 named destinations out of 1000 (max. 500000)
 585 words of extra memory for PDF output out of 10000 (max. 10000000)

